direct GHG Emissions per year from transportation
"GHG emissions per year from electricity-production"
GHG emissions per year from HHH
Total GHGs per Year
"Transportation E-demand"
Electricity demand by HHH
Shortage of cars
Shortage of households
electricity deficit
share of EVs of total cars
share of HHH by electricity
Grid intensity of electricity
renewable electricity capacity factor
fossil capacity
renewable capacity
Number of EVs
Number of ICE cars
HHH by electricity
HHH by LNG
Cumulative EV battery capacity
Willingness to purchase electric cars
EV cost compared to to ICE
Retrofit to HHH by electricity
Battery power capacity
